# JRE version: OpenJDK Runtime Environment (11.0.2+9) (build 11.0.2+9)
# Java VM: OpenJDK 64-Bit Server VM (11.0.2+9, mixed mode, tiered, compressed oops, g1 gc, windows-amd64)
Heap:
 garbage-first heap   total 189440K, used 98455K [0x0000000740000000, 0x0000000800000000)
  region size 1024K, 7 young (7168K), 3 survivors (3072K)
 Metaspace       used 96997K, capacity 99772K, committed 99932K, reserved 1134592K
  class space    used 13279K, capacity 14513K, committed 14604K, reserved 1048576K
GC Heap History (10 events):
Event: 2390.346 GC heap before
{Heap before GC invocations=261 (full 2):
 garbage-first heap   total 189440K, used 152142K [0x0000000740000000, 0x0000000800000000)
  region size 1024K, 60 young (61440K), 2 survivors (2048K)
 Metaspace       used 96880K, capacity 99643K, committed 99932K, reserved 1134592K
  class space    used 13274K, capacity 14513K, committed 14604K, reserved 1048576K
}
Event: 2390.349 GC heap after
{Heap after GC invocations=262 (full 2):
 garbage-first heap   total 189440K, used 92844K [0x0000000740000000, 0x0000000800000000)
  region size 1024K, 1 young (1024K), 1 survivors (1024K)
 Metaspace       used 96880K, capacity 99643K, committed 99932K, reserved 1134592K
  class space    used 13274K, capacity 14513K, committed 14604K, reserved 1048576K
}
Event: 2402.393 GC heap before
{Heap before GC invocations=262 (full 2):
 garbage-first heap   total 189440K, used 153260K [0x0000000740000000, 0x0000000800000000)
  region size 1024K, 60 young (61440K), 1 survivors (1024K)
 Metaspace       used 96898K, capacity 99644K, committed 99932K, reserved 1134592K
  class space    used 13274K, capacity 14513K, committed 14604K, reserved 1048576K
}
Event: 2402.396 GC heap after
{Heap after GC invocations=263 (full 2):
 garbage-first heap   total 189440K, used 92774K [0x0000000740000000, 0x0000000800000000)
  region size 1024K, 1 young (1024K), 1 survivors (1024K)
 Metaspace       used 96898K, capacity 99644K, committed 99932K, reserved 1134592K
  class space    used 13274K, capacity 14513K, committed 14604K, reserved 1048576K
}
Event: 2429.851 GC heap before
{Heap before GC invocations=263 (full 2):
 garbage-first heap   total 189440K, used 153190K [0x0000000740000000, 0x0000000800000000)
  region size 1024K, 60 young (61440K), 1 survivors (1024K)
 Metaspace       used 96906K, capacity 99644K, committed 99932K, reserved 1134592K
  class space    used 13274K, capacity 14513K, committed 14604K, reserved 1048576K
}
Event: 2429.854 GC heap after
{Heap after GC invocations=264 (full 2):
 garbage-first heap   total 189440K, used 92789K [0x0000000740000000, 0x0000000800000000)
  region size 1024K, 1 young (1024K), 1 survivors (1024K)
 Metaspace       used 96906K, capacity 99644K, committed 99932K, reserved 1134592K
  class space    used 13274K, capacity 14513K, committed 14604K, reserved 1048576K
}
Event: 2433.106 GC heap before
{Heap before GC invocations=264 (full 2):
 garbage-first heap   total 189440K, used 153205K [0x0000000740000000, 0x0000000800000000)
  region size 1024K, 60 young (61440K), 1 survivors (1024K)
 Metaspace       used 96906K, capacity 99644K, committed 99932K, reserved 1134592K
  class space    used 13274K, capacity 14513K, committed 14604K, reserved 1048576K
}
Event: 2433.108 GC heap after
{Heap after GC invocations=265 (full 2):
 garbage-first heap   total 189440K, used 92722K [0x0000000740000000, 0x0000000800000000)
  region size 1024K, 1 young (1024K), 1 survivors (1024K)
 Metaspace       used 96906K, capacity 99644K, committed 99932K, reserved 1134592K
  class space    used 13274K, capacity 14513K, committed 14604K, reserved 1048576K
}
Event: 2433.593 GC heap before
{Heap before GC invocations=265 (full 2):
 garbage-first heap   total 189440K, used 153138K [0x0000000740000000, 0x0000000800000000)
  region size 1024K, 60 young (61440K), 1 survivors (1024K)
 Metaspace       used 96906K, capacity 99644K, committed 99932K, reserved 1134592K
  class space    used 13274K, capacity 14513K, committed 14604K, reserved 1048576K
}
Event: 2433.595 GC heap after
{Heap after GC invocations=266 (full 2):
 garbage-first heap   total 189440K, used 92756K [0x0000000740000000, 0x0000000800000000)
  region size 1024K, 1 young (1024K), 1 survivors (1024K)
 Metaspace       used 96906K, capacity 99644K, committed 99932K, reserved 1134592K
  class space    used 13274K, capacity 14513K, committed 14604K, reserved 1048576K
}

